# JRE version: OpenJDK Runtime Environment Temurin-11.0.14.1+1 (11.0.14.1+1) (build 11.0.14.1+1)
# Java VM: OpenJDK 64-Bit Server VM Temurin-11.0.14.1+1 (11.0.14.1+1, mixed mode, tiered, compressed oops, g1 gc, bsd-amd64)
Heap:
 garbage-first heap   total 131072K, used 23081K [0x0000000780000000, 0x0000000800000000)
  region size 1024K, 15 young (15360K), 2 survivors (2048K)
 Metaspace       used 25384K, capacity 26347K, committed 26624K, reserved 1073152K
  class space    used 3098K, capacity 3512K, committed 3584K, reserved 1048576K
GC Heap History (6 events):
Event: 1.181 GC heap before
{Heap before GC invocations=0 (full 0):
 garbage-first heap   total 131072K, used 14336K [0x0000000780000000, 0x0000000800000000)
  region size 1024K, 14 young (14336K), 0 survivors (0K)
 Metaspace       used 10330K, capacity 10647K, committed 11008K, reserved 1058816K
  class space    used 1035K, capacity 1172K, committed 1280K, reserved 1048576K
}
Event: 1.186 GC heap after
{Heap after GC invocations=1 (full 0):
 garbage-first heap   total 131072K, used 2941K [0x0000000780000000, 0x0000000800000000)
  region size 1024K, 2 young (2048K), 2 survivors (2048K)
 Metaspace       used 10330K, capacity 10647K, committed 11008K, reserved 1058816K
  class space    used 1035K, capacity 1172K, committed 1280K, reserved 1048576K
}
Event: 2.519 GC heap before
{Heap before GC invocations=1 (full 0):
 garbage-first heap   total 131072K, used 28541K [0x0000000780000000, 0x0000000800000000)
  region size 1024K, 28 young (28672K), 2 survivors (2048K)
 Metaspace       used 20472K, capacity 21161K, committed 21248K, reserved 1067008K
  class space    used 2495K, capacity 2783K, committed 2816K, reserved 1048576K
}
Event: 2.533 GC heap after
{Heap after GC invocations=2 (full 0):
 garbage-first heap   total 131072K, used 6807K [0x0000000780000000, 0x0000000800000000)
  region size 1024K, 6 young (6144K), 6 survivors (6144K)
 Metaspace       used 20472K, capacity 21161K, committed 21248K, reserved 1067008K
  class space    used 2495K, capacity 2783K, committed 2816K, reserved 1048576K
}
Event: 20.299 GC heap before
{Heap before GC invocations=3 (full 0):
 garbage-first heap   total 131072K, used 23191K [0x0000000780000000, 0x0000000800000000)
  region size 1024K, 21 young (21504K), 6 survivors (6144K)
 Metaspace       used 24768K, capacity 25756K, committed 26112K, reserved 1071104K
  class space    used 3092K, capacity 3511K, committed 3584K, reserved 1048576K
}
Event: 20.311 GC heap after
{Heap after GC invocations=4 (full 0):
 garbage-first heap   total 131072K, used 10793K [0x0000000780000000, 0x0000000800000000)
  region size 1024K, 2 young (2048K), 2 survivors (2048K)
 Metaspace       used 24768K, capacity 25756K, committed 26112K, reserved 1071104K
  class space    used 3092K, capacity 3511K, committed 3584K, reserved 1048576K
}

